2019-10-27 09:58:37 INFO  RunningOrder:10 - Игра запущена
2019-10-27 09:58:37 INFO  MainScreen:58 - Создали экран
2019-10-27 09:58:38 INFO  MainScreen:180 - ------------- Строим корабли игрока 1 -------------
2019-10-27 09:58:38 INFO  SetWarships:42 - Строим корабль номер 0. Колличество палуб -  4
2019-10-27 09:58:38 INFO  SetWarships:171 - Координаты корабля:
2019-10-27 09:58:38 INFO  SetWarships:195 -   1И904,  1И803,  1И702,  1И601, 
2019-10-27 09:58:38 INFO  SetWarships:77 - Корабль номер 0 построен.
2019-10-27 09:58:38 INFO  SetWarships:82 - Строим корабль номер 1. Колличество палуб -  3
2019-10-27 09:58:38 INFO  SetWarships:171 - Координаты корабля:
2019-10-27 09:58:38 INFO  SetWarships:195 -   1В313,  1В212,  1В111, 
2019-10-27 09:58:38 INFO  SetWarships:114 - Корабль номер 1 построен.
2019-10-27 09:58:38 INFO  SetWarships:82 - Строим корабль номер 2. Колличество палуб -  3
2019-10-27 09:58:38 INFO  SetWarships:171 - Координаты корабля:
2019-10-27 09:58:38 INFO  SetWarships:195 -   1Ж923,  1Ж822,  1Ж721, 
2019-10-27 09:58:38 INFO  SetWarships:114 - Корабль номер 2 построен.
2019-10-27 09:58:38 INFO  SetWarships:127 - Строим корабль номер 3. Колличество палуб -  2
2019-10-27 09:58:38 INFO  SetWarships:199 - Координаты корабля:
2019-10-27 09:58:38 INFO  SetWarships:223 -   1Б732,  1В731, 
2019-10-27 09:58:38 INFO  SetWarships:151 - Корабль номер 3 построен.
2019-10-27 09:58:38 INFO  SetWarships:119 - Строим корабль номер 4. Колличество палуб -  2
2019-10-27 09:58:38 INFO  SetWarships:171 - Координаты корабля:
2019-10-27 09:58:38 INFO  SetWarships:195 -   1З342,  1З241, 
2019-10-27 09:58:38 INFO  SetWarships:151 - Корабль номер 4 построен.
2019-10-27 09:58:38 INFO  SetWarships:127 - Строим корабль номер 5. Колличество палуб -  2
2019-10-27 09:58:38 INFO  SetWarships:199 - Координаты корабля:
2019-10-27 09:58:38 INFO  SetWarships:223 -   1Д152,  1Е151, 
2019-10-27 09:58:38 INFO  SetWarships:151 - Корабль номер 5 построен.
2019-10-27 09:58:38 INFO  SetWarships:155 - Строим корабль номер 6. Колличество палуб -  1
2019-10-27 09:58:38 INFO  SetWarships:171 - Координаты корабля:
2019-10-27 09:58:38 INFO  SetWarships:195 -   1Д461, 
2019-10-27 09:58:38 INFO  SetWarships:160 - Корабль номер 6 построен.
2019-10-27 09:58:38 INFO  SetWarships:155 - Строим корабль номер 7. Колличество палуб -  1
2019-10-27 09:58:38 INFO  SetWarships:171 - Координаты корабля:
2019-10-27 09:58:38 INFO  SetWarships:195 -   1Д871, 
2019-10-27 09:58:38 INFO  SetWarships:160 - Корабль номер 7 построен.
2019-10-27 09:58:38 INFO  SetWarships:155 - Строим корабль номер 8. Колличество палуб -  1
2019-10-27 09:58:38 INFO  SetWarships:171 - Координаты корабля:
2019-10-27 09:58:38 INFO  SetWarships:195 -   1Ж581, 
2019-10-27 09:58:38 INFO  SetWarships:160 - Корабль номер 8 построен.
2019-10-27 09:58:38 INFO  SetWarships:155 - Строим корабль номер 9. Колличество палуб -  1
2019-10-27 09:58:38 INFO  SetWarships:171 - Координаты корабля:
2019-10-27 09:58:38 INFO  SetWarships:195 -   1А191, 
2019-10-27 09:58:38 INFO  SetWarships:160 - Корабль номер 9 построен.
2019-10-27 09:58:38 INFO  MainScreen:188 - ------------- Корабли Игрока 1 раставлены -------------
2019-10-27 09:58:38 INFO  MainScreen:192 - ------------- Строим корабли игрока 2 -------------
2019-10-27 09:58:38 INFO  SetWarships:60 - Строим корабль номер 0. Колличество палуб -  4
2019-10-27 09:58:38 INFO  SetWarships:227 - Координаты корабля:
2019-10-27 09:58:38 INFO  SetWarships:251 -  2Е704,  2Е803,  2Е902,  2Е1001, 
2019-10-27 09:58:38 INFO  SetWarships:77 - Корабль номер 0 построен.
2019-10-27 09:58:38 INFO  SetWarships:82 - Строим корабль номер 1. Колличество палуб -  3
2019-10-27 09:58:38 INFO  SetWarships:171 - Координаты корабля:
2019-10-27 09:58:38 INFO  SetWarships:195 -   2Г313,  2Г212,  2Г111, 
2019-10-27 09:58:38 INFO  SetWarships:114 - Корабль номер 1 построен.
2019-10-27 09:58:38 INFO  SetWarships:82 - Строим корабль номер 2. Колличество палуб -  3
2019-10-27 09:58:38 INFO  SetWarships:171 - Координаты корабля:
2019-10-27 09:58:38 INFO  SetWarships:195 -   2Г723,  2Г622,  2Г521, 
2019-10-27 09:58:38 INFO  SetWarships:114 - Корабль номер 2 построен.
2019-10-27 09:58:38 INFO  SetWarships:119 - Строим корабль номер 3. Колличество палуб -  2
2019-10-27 09:58:38 INFO  SetWarships:171 - Координаты корабля:
2019-10-27 09:58:38 INFO  SetWarships:195 -   2Ж432,  2Ж331, 
2019-10-27 09:58:38 INFO  SetWarships:151 - Корабль номер 3 построен.
2019-10-27 09:58:38 INFO  SetWarships:135 - Строим корабль номер 4. Колличество палуб -  2
2019-10-27 09:58:38 INFO  SetWarships:227 - Координаты корабля:
2019-10-27 09:58:38 INFO  SetWarships:251 -  2А242,  2А341, 
2019-10-27 09:58:38 INFO  SetWarships:151 - Корабль номер 4 построен.
2019-10-27 09:58:38 INFO  SetWarships:135 - Строим корабль номер 5. Колличество палуб -  2
2019-10-27 09:58:38 INFO  SetWarships:227 - Координаты корабля:
2019-10-27 09:58:38 INFO  SetWarships:251 -  2И752,  2И851, 
2019-10-27 09:58:38 INFO  SetWarships:151 - Корабль номер 5 построен.
2019-10-27 09:58:38 INFO  SetWarships:155 - Строим корабль номер 6. Колличество палуб -  1
2019-10-27 09:58:38 INFO  SetWarships:171 - Координаты корабля:
2019-10-27 09:58:38 INFO  SetWarships:195 -   2Б761, 
2019-10-27 09:58:38 INFO  SetWarships:160 - Корабль номер 6 построен.
2019-10-27 09:58:38 INFO  SetWarships:155 - Строим корабль номер 7. Колличество палуб -  1
2019-10-27 09:58:38 INFO  SetWarships:171 - Координаты корабля:
2019-10-27 09:58:38 INFO  SetWarships:195 -   2З1071, 
2019-10-27 09:58:38 INFO  SetWarships:160 - Корабль номер 7 построен.
2019-10-27 09:58:38 INFO  SetWarships:155 - Строим корабль номер 8. Колличество палуб -  1
2019-10-27 09:58:38 INFO  SetWarships:171 - Координаты корабля:
2019-10-27 09:58:38 INFO  SetWarships:195 -   2А1081, 
2019-10-27 09:58:38 INFO  SetWarships:160 - Корабль номер 8 построен.
2019-10-27 09:58:38 INFO  SetWarships:155 - Строим корабль номер 9. Колличество палуб -  1
2019-10-27 09:58:38 INFO  SetWarships:171 - Координаты корабля:
2019-10-27 09:58:38 INFO  SetWarships:195 -   2Б591, 
2019-10-27 09:58:38 INFO  SetWarships:160 - Корабль номер 9 построен.
2019-10-27 09:58:38 INFO  MainScreen:200 - ------------- Корабли Игрока 2 раставлены -------------
2019-10-27 09:58:38 INFO  RunningOrder:18 - -------------Начало боя-------------
2019-10-27 09:58:38 INFO  RunningOrder:23 - Ход игрока 1
2019-10-27 09:58:44 INFO  MainScreen:162 - Выстрел в квадрат : А1. Мимо
2019-10-27 09:58:45 INFO  RunningOrder:62 - Ход игрока 2 (Компьютер)
2019-10-27 09:58:46 INFO  MainScreen:162 - Выстрел в квадрат : Г8. Мимо
2019-10-27 09:58:46 INFO  RunningOrder:23 - Ход игрока 1
2019-10-27 09:58:49 INFO  MainScreen:162 - Выстрел в квадрат : Б2. Мимо
2019-10-27 09:58:49 INFO  RunningOrder:62 - Ход игрока 2 (Компьютер)
2019-10-27 09:58:50 INFO  MainScreen:162 - Выстрел в квадрат : Д2. Мимо
2019-10-27 09:58:50 INFO  RunningOrder:23 - Ход игрока 1
2019-10-27 09:58:53 INFO  MainScreen:162 - Выстрел в квадрат : В3. Мимо
2019-10-27 09:58:53 INFO  RunningOrder:62 - Ход игрока 2 (Компьютер)
2019-10-27 09:58:55 INFO  MainScreen:145 - Выстрел в квадрат : 1В731. Ранил
2019-10-27 09:58:55 INFO  Computer:91 - Компьютер попал в корабль номер - 3 (двухпалубный).
2019-10-27 09:58:55 INFO  Computer:111 - Ход игрока 2 (Компьютер)
2019-10-27 09:58:57 INFO  MainScreen:162 - Выстрел в квадрат : В6. Мимо
2019-10-27 09:58:57 INFO  RunningOrder:23 - Ход игрока 1
2019-10-27 09:58:59 INFO  MainScreen:162 - Выстрел в квадрат : Г4. Мимо
2019-10-27 09:59:00 INFO  RunningOrder:62 - Ход игрока 2 (Компьютер)
2019-10-27 09:59:01 INFO  MainScreen:162 - Выстрел в квадрат : В8. Мимо
2019-10-27 09:59:01 INFO  RunningOrder:23 - Ход игрока 1
2019-10-27 09:59:06 INFO  MainScreen:162 - Выстрел в квадрат : Д5. Мимо
2019-10-27 09:59:06 INFO  RunningOrder:62 - Ход игрока 2 (Компьютер)
2019-10-27 09:59:07 INFO  MainScreen:145 - Выстрел в квадрат : 1Б732. Ранил
2019-10-27 09:59:07 INFO  Computer:91 - Компьютер попал в корабль номер - 3 (двухпалубный).
2019-10-27 09:59:07 INFO  Computer:99 - Компьютер попал в корабль номер - 3 (двухпалубный). Корабль затоплен!
2019-10-27 09:59:07 INFO  Computer:111 - Ход игрока 2 (Компьютер)
2019-10-27 09:59:09 INFO  MainScreen:162 - Выстрел в квадрат : Ж2. Мимо
2019-10-27 09:59:09 INFO  RunningOrder:23 - Ход игрока 1
2019-10-27 09:59:13 INFO  MainScreen:162 - Выстрел в квадрат : Е6. Мимо
2019-10-27 09:59:14 INFO  RunningOrder:62 - Ход игрока 2 (Компьютер)
2019-10-27 09:59:15 INFO  MainScreen:162 - Выстрел в квадрат : А4. Мимо
2019-10-27 09:59:15 INFO  RunningOrder:23 - Ход игрока 1
2019-10-27 09:59:18 INFO  MainScreen:162 - Выстрел в квадрат : Ж7. Мимо
2019-10-27 09:59:19 INFO  RunningOrder:62 - Ход игрока 2 (Компьютер)
2019-10-27 09:59:20 INFO  MainScreen:162 - Выстрел в квадрат : Б3. Мимо
2019-10-27 09:59:20 INFO  RunningOrder:23 - Ход игрока 1
2019-10-27 09:59:22 INFO  MainScreen:162 - Выстрел в квадрат : З8. Мимо
2019-10-27 09:59:22 INFO  RunningOrder:62 - Ход игрока 2 (Компьютер)
2019-10-27 09:59:23 INFO  MainScreen:145 - Выстрел в квадрат : 1Д871. Ранил
2019-10-27 09:59:23 INFO  Computer:67 - Компьютер попал в корабль номер - 7. Корабль затоплен!
2019-10-27 09:59:23 INFO  Computer:78 - Ход игрока 2 (Компьютер)
2019-10-27 09:59:25 INFO  MainScreen:162 - Выстрел в квадрат : А3. Мимо
2019-10-27 09:59:25 INFO  RunningOrder:23 - Ход игрока 1
2019-10-27 09:59:29 INFO  MainScreen:162 - Выстрел в квадрат : И9. Мимо
2019-10-27 09:59:29 INFO  RunningOrder:62 - Ход игрока 2 (Компьютер)
2019-10-27 09:59:30 INFO  MainScreen:162 - Выстрел в квадрат : К3. Мимо
2019-10-27 09:59:30 INFO  RunningOrder:23 - Ход игрока 1
2019-10-27 09:59:33 INFO  MainScreen:162 - Выстрел в квадрат : К10. Мимо
2019-10-27 09:59:34 INFO  RunningOrder:62 - Ход игрока 2 (Компьютер)
2019-10-27 09:59:35 INFO  MainScreen:162 - Выстрел в квадрат : Ж4. Мимо
2019-10-27 09:59:35 INFO  RunningOrder:23 - Ход игрока 1
2019-10-27 09:59:39 INFO  MainScreen:162 - Выстрел в квадрат : В1. Мимо
2019-10-27 09:59:39 INFO  RunningOrder:62 - Ход игрока 2 (Компьютер)
2019-10-27 09:59:40 INFO  MainScreen:162 - Выстрел в квадрат : Б5. Мимо
2019-10-27 09:59:40 INFO  RunningOrder:23 - Ход игрока 1
2019-10-27 09:59:43 INFO  MainScreen:145 - Выстрел в квадрат : 2Г212. Ранил
2019-10-27 09:59:43 INFO  RunningOrder:44 - Ход игрока 1
2019-10-27 09:59:47 INFO  MainScreen:145 - Выстрел в квадрат : 2Г111. Ранил
2019-10-27 09:59:48 INFO  RunningOrder:44 - Ход игрока 1
2019-10-27 09:59:51 INFO  MainScreen:145 - Выстрел в квадрат : 2Г313. Ранил
2019-10-27 09:59:51 INFO  PlayerMove:135 - Игрок 1 затопил трехпалубный корабль
2019-10-27 09:59:51 INFO  RunningOrder:44 - Ход игрока 1
2019-10-27 09:59:55 INFO  MainScreen:162 - Выстрел в квадрат : Е4. Мимо
2019-10-27 09:59:55 INFO  RunningOrder:62 - Ход игрока 2 (Компьютер)
2019-10-27 09:59:57 INFO  MainScreen:162 - Выстрел в квадрат : З8. Мимо
2019-10-27 09:59:57 INFO  RunningOrder:23 - Ход игрока 1
2019-10-27 09:59:59 INFO  MainScreen:162 - Выстрел в квадрат : Ж5. Мимо
2019-10-27 10:00:00 INFO  RunningOrder:62 - Ход игрока 2 (Компьютер)
2019-10-27 10:00:01 INFO  MainScreen:162 - Выстрел в квадрат : К4. Мимо
2019-10-27 10:00:01 INFO  RunningOrder:23 - Ход игрока 1
2019-10-27 10:00:03 INFO  MainScreen:162 - Выстрел в квадрат : З6. Мимо
2019-10-27 10:00:03 INFO  RunningOrder:62 - Ход игрока 2 (Компьютер)
2019-10-27 10:00:04 INFO  MainScreen:162 - Выстрел в квадрат : Ж6. Мимо
2019-10-27 10:00:04 INFO  RunningOrder:23 - Ход игрока 1
2019-10-27 10:00:07 INFO  MainScreen:145 - Выстрел в квадрат : 2И752. Ранил
2019-10-27 10:00:08 INFO  RunningOrder:44 - Ход игрока 1
2019-10-27 10:00:11 INFO  MainScreen:162 - Выстрел в квадрат : З7. Мимо
2019-10-27 10:00:11 INFO  RunningOrder:62 - Ход игрока 2 (Компьютер)
2019-10-27 10:00:12 INFO  MainScreen:162 - Выстрел в квадрат : К5. Мимо
2019-10-27 10:00:12 INFO  RunningOrder:23 - Ход игрока 1
2019-10-27 10:00:15 INFO  MainScreen:162 - Выстрел в квадрат : И6. Мимо
2019-10-27 10:00:16 INFO  RunningOrder:62 - Ход игрока 2 (Компьютер)
2019-10-27 10:00:17 INFO  MainScreen:145 - Выстрел в квадрат : 1Ж923. Ранил
2019-10-27 10:00:17 INFO  Computer:124 - Компьютер попал в корабль номер - 2 (трехпалубный).
2019-10-27 10:00:17 INFO  Computer:143 - Ход игрока 2 (Компьютер)
2019-10-27 10:00:19 INFO  MainScreen:162 - Выстрел в квадрат : Ж10. Мимо
2019-10-27 10:00:19 INFO  RunningOrder:23 - Ход игрока 1
2019-10-27 10:00:20 INFO  MainScreen:162 - Выстрел в квадрат : К7. Мимо
2019-10-27 10:00:21 INFO  RunningOrder:62 - Ход игрока 2 (Компьютер)
2019-10-27 10:00:22 INFO  MainScreen:162 - Выстрел в квадрат : З9. Мимо
2019-10-27 10:00:22 INFO  RunningOrder:23 - Ход игрока 1
2019-10-27 10:00:24 INFO  MainScreen:145 - Выстрел в квадрат : 2И851. Ранил
2019-10-27 10:00:25 INFO  PlayerMove:163 - Игрок 1 затопил двухпалубный корабль
2019-10-27 10:00:25 INFO  RunningOrder:44 - Ход игрока 1
2019-10-27 10:00:33 INFO  MainScreen:162 - Выстрел в квадрат : Е2. Мимо
2019-10-27 10:00:33 INFO  RunningOrder:62 - Ход игрока 2 (Компьютер)
2019-10-27 10:00:34 INFO  MainScreen:145 - Выстрел в квадрат : 1Ж822. Ранил
2019-10-27 10:00:34 INFO  Computer:124 - Компьютер попал в корабль номер - 2 (трехпалубный).
2019-10-27 10:00:34 INFO  Computer:143 - Ход игрока 2 (Компьютер)
2019-10-27 10:00:36 INFO  MainScreen:145 - Выстрел в квадрат : 1Ж721. Ранил
2019-10-27 10:00:36 INFO  Computer:124 - Компьютер попал в корабль номер - 2 (трехпалубный).
2019-10-27 10:00:36 INFO  Computer:131 - Компьютер попал в корабль номер - 2 (трехпалубный). Корабль затоплен!
2019-10-27 10:00:36 INFO  Computer:143 - Ход игрока 2 (Компьютер)
2019-10-27 10:00:38 INFO  MainScreen:162 - Выстрел в квадрат : К10. Мимо
2019-10-27 10:00:38 INFO  RunningOrder:23 - Ход игрока 1
2019-10-27 10:00:41 INFO  MainScreen:145 - Выстрел в квадрат : 2Ж331. Ранил
2019-10-27 10:00:42 INFO  RunningOrder:44 - Ход игрока 1
2019-10-27 10:00:48 INFO  MainScreen:162 - Выстрел в квадрат : Ж2. Мимо
2019-10-27 10:00:49 INFO  RunningOrder:62 - Ход игрока 2 (Компьютер)
2019-10-27 10:00:50 INFO  MainScreen:145 - Выстрел в квадрат : 1Е151. Ранил
2019-10-27 10:00:50 INFO  Computer:91 - Компьютер попал в корабль номер - 5 (двухпалубный).
2019-10-27 10:00:50 INFO  Computer:111 - Ход игрока 2 (Компьютер)
2019-10-27 10:00:52 INFO  MainScreen:145 - Выстрел в квадрат : 1Д152. Ранил
2019-10-27 10:00:52 INFO  Computer:91 - Компьютер попал в корабль номер - 5 (двухпалубный).
2019-10-27 10:00:52 INFO  Computer:99 - Компьютер попал в корабль номер - 5 (двухпалубный). Корабль затоплен!
2019-10-27 10:00:52 INFO  Computer:111 - Ход игрока 2 (Компьютер)
2019-10-27 10:00:54 INFO  MainScreen:162 - Выстрел в квадрат : И5. Мимо
2019-10-27 10:00:54 INFO  RunningOrder:23 - Ход игрока 1
2019-10-27 10:00:58 INFO  MainScreen:162 - Выстрел в квадрат : Е3. Мимо
2019-10-27 10:00:59 INFO  RunningOrder:62 - Ход игрока 2 (Компьютер)
2019-10-27 10:01:00 INFO  MainScreen:162 - Выстрел в квадрат : З4. Мимо
2019-10-27 10:01:00 INFO  RunningOrder:23 - Ход игрока 1
2019-10-27 10:01:06 INFO  MainScreen:162 - Выстрел в квадрат : З3. Мимо
2019-10-27 10:01:07 INFO  RunningOrder:62 - Ход игрока 2 (Компьютер)
2019-10-27 10:01:08 INFO  MainScreen:162 - Выстрел в квадрат : Д3. Мимо
2019-10-27 10:01:08 INFO  RunningOrder:23 - Ход игрока 1
2019-10-27 10:01:11 INFO  MainScreen:145 - Выстрел в квадрат : 2Ж432. Ранил
2019-10-27 10:01:12 INFO  PlayerMove:149 - Игрок 1 затопил двухпалубный корабль
2019-10-27 10:01:12 INFO  RunningOrder:44 - Ход игрока 1
2019-10-27 10:01:23 INFO  MainScreen:162 - Выстрел в квадрат : И4. Мимо
2019-10-27 10:01:24 INFO  RunningOrder:62 - Ход игрока 2 (Компьютер)
2019-10-27 10:01:25 INFO  MainScreen:162 - Выстрел в квадрат : К7. Мимо
2019-10-27 10:01:25 INFO  RunningOrder:23 - Ход игрока 1
2019-10-27 10:01:32 INFO  MainScreen:162 - Выстрел в квадрат : К3. Мимо
2019-10-27 10:01:33 INFO  RunningOrder:62 - Ход игрока 2 (Компьютер)
2019-10-27 10:01:34 INFO  MainScreen:162 - Выстрел в квадрат : Г3. Мимо
2019-10-27 10:01:34 INFO  RunningOrder:23 - Ход игрока 1
2019-10-27 10:01:38 INFO  MainScreen:162 - Выстрел в квадрат : И2. Мимо
2019-10-27 10:01:38 INFO  RunningOrder:62 - Ход игрока 2 (Компьютер)
2019-10-27 10:01:39 INFO  MainScreen:162 - Выстрел в квадрат : И2. Мимо
2019-10-27 10:01:39 INFO  RunningOrder:23 - Ход игрока 1
2019-10-27 10:01:43 INFO  MainScreen:162 - Выстрел в квадрат : К1. Мимо
2019-10-27 10:01:44 INFO  RunningOrder:62 - Ход игрока 2 (Компьютер)
2019-10-27 10:01:45 INFO  MainScreen:145 - Выстрел в квадрат : 1В313. Ранил
2019-10-27 10:01:45 INFO  Computer:124 - Компьютер попал в корабль номер - 1 (трехпалубный).
2019-10-27 10:01:45 INFO  Computer:143 - Ход игрока 2 (Компьютер)
2019-10-27 10:01:47 INFO  MainScreen:162 - Выстрел в квадрат : В4. Мимо
2019-10-27 10:01:47 INFO  RunningOrder:23 - Ход игрока 1
2019-10-27 10:01:49 INFO  MainScreen:162 - Выстрел в квадрат : З1. Мимо
2019-10-27 10:01:50 INFO  RunningOrder:62 - Ход игрока 2 (Компьютер)
2019-10-27 10:01:51 INFO  MainScreen:145 - Выстрел в квадрат : 1В212. Ранил
2019-10-27 10:01:51 INFO  Computer:124 - Компьютер попал в корабль номер - 1 (трехпалубный).
2019-10-27 10:01:51 INFO  Computer:143 - Ход игрока 2 (Компьютер)
2019-10-27 10:01:53 INFO  MainScreen:145 - Выстрел в квадрат : 1В111. Ранил
2019-10-27 10:01:53 INFO  Computer:124 - Компьютер попал в корабль номер - 1 (трехпалубный).
2019-10-27 10:01:53 INFO  Computer:131 - Компьютер попал в корабль номер - 1 (трехпалубный). Корабль затоплен!
2019-10-27 10:01:53 INFO  Computer:143 - Ход игрока 2 (Компьютер)
2019-10-27 10:01:55 INFO  MainScreen:145 - Выстрел в квадрат : 1И904. Ранил
2019-10-27 10:01:55 INFO  Computer:156 - Компьютер попал в корабль номер - 10 (четырехпалубный).
2019-10-27 10:01:55 INFO  Computer:175 - Ход игрока 2 (Компьютер)
2019-10-27 10:01:57 INFO  MainScreen:145 - Выстрел в квадрат : 1И803. Ранил
2019-10-27 10:01:57 INFO  Computer:156 - Компьютер попал в корабль номер - 10 (четырехпалубный).
2019-10-27 10:01:57 INFO  Computer:175 - Ход игрока 2 (Компьютер)
2019-10-27 10:02:00 INFO  MainScreen:162 - Выстрел в квадрат : И10. Мимо
2019-10-27 10:02:00 INFO  RunningOrder:23 - Ход игрока 1
2019-10-27 10:02:02 INFO  MainScreen:145 - Выстрел в квадрат : 2А341. Ранил
2019-10-27 10:02:03 INFO  RunningOrder:44 - Ход игрока 1
2019-10-27 10:02:06 INFO  MainScreen:162 - Выстрел в квадрат : А4. Мимо
2019-10-27 10:02:07 INFO  RunningOrder:62 - Ход игрока 2 (Компьютер)
2019-10-27 10:02:08 INFO  MainScreen:162 - Выстрел в квадрат : К8. Мимо
2019-10-27 10:02:08 INFO  RunningOrder:23 - Ход игрока 1
2019-10-27 10:02:11 INFO  MainScreen:162 - Выстрел в квадрат : Б3. Мимо
2019-10-27 10:02:12 INFO  RunningOrder:62 - Ход игрока 2 (Компьютер)
2019-10-27 10:02:13 INFO  MainScreen:145 - Выстрел в квадрат : 1И702. Ранил
2019-10-27 10:02:13 INFO  Computer:156 - Компьютер попал в корабль номер - 10 (четырехпалубный).
2019-10-27 10:02:13 INFO  Computer:175 - Ход игрока 2 (Компьютер)
2019-10-27 10:02:15 INFO  MainScreen:162 - Выстрел в квадрат : К9. Мимо
2019-10-27 10:02:15 INFO  RunningOrder:23 - Ход игрока 1
2019-10-27 10:02:17 INFO  MainScreen:145 - Выстрел в квадрат : 2А242. Ранил
2019-10-27 10:02:17 INFO  PlayerMove:156 - Игрок 1 затопил двухпалубный корабль
2019-10-27 10:02:17 INFO  RunningOrder:44 - Ход игрока 1
2019-10-27 10:02:28 INFO  MainScreen:162 - Выстрел в квадрат : В5. Мимо
2019-10-27 10:02:28 INFO  RunningOrder:62 - Ход игрока 2 (Компьютер)
2019-10-27 10:02:29 INFO  MainScreen:145 - Выстрел в квадрат : 1И601. Ранил
2019-10-27 10:02:29 INFO  Computer:156 - Компьютер попал в корабль номер - 10 (четырехпалубный).
2019-10-27 10:02:29 INFO  Computer:163 - Компьютер попал в корабль номер - 0 (четырехпалубный). Корабль затоплен!
2019-10-27 10:02:29 INFO  Computer:175 - Ход игрока 2 (Компьютер)
2019-10-27 10:02:31 INFO  MainScreen:162 - Выстрел в квадрат : В5. Мимо
2019-10-27 10:02:31 INFO  RunningOrder:23 - Ход игрока 1
2019-10-27 10:02:33 INFO  MainScreen:145 - Выстрел в квадрат : 2Г622. Ранил
2019-10-27 10:02:33 INFO  RunningOrder:44 - Ход игрока 1
2019-10-27 10:02:36 INFO  MainScreen:162 - Выстрел в квадрат : Д6. Мимо
2019-10-27 10:02:37 INFO  RunningOrder:62 - Ход игрока 2 (Компьютер)
2019-10-27 10:02:38 INFO  MainScreen:145 - Выстрел в квадрат : 1Ж581. Ранил
2019-10-27 10:02:38 INFO  Computer:67 - Компьютер попал в корабль номер - 8. Корабль затоплен!
2019-10-27 10:02:38 INFO  Computer:78 - Ход игрока 2 (Компьютер)
2019-10-27 10:02:40 INFO  MainScreen:145 - Выстрел в квадрат : 1З342. Ранил
2019-10-27 10:02:40 INFO  Computer:91 - Компьютер попал в корабль номер - 4 (двухпалубный).
2019-10-27 10:02:40 INFO  Computer:111 - Ход игрока 2 (Компьютер)
2019-10-27 10:02:42 INFO  MainScreen:145 - Выстрел в квадрат : 1З241. Ранил
2019-10-27 10:02:42 INFO  Computer:91 - Компьютер попал в корабль номер - 4 (двухпалубный).
2019-10-27 10:02:42 INFO  Computer:99 - Компьютер попал в корабль номер - 4 (двухпалубный). Корабль затоплен!
2019-10-27 10:02:42 INFO  Computer:111 - Ход игрока 2 (Компьютер)
2019-10-27 10:02:44 INFO  MainScreen:162 - Выстрел в квадрат : К1. Мимо
2019-10-27 10:02:44 INFO  RunningOrder:23 - Ход игрока 1
2019-10-27 10:02:46 INFO  MainScreen:162 - Выстрел в квадрат : В6. Мимо
2019-10-27 10:02:46 INFO  RunningOrder:62 - Ход игрока 2 (Компьютер)
2019-10-27 10:02:47 INFO  MainScreen:162 - Выстрел в квадрат : Г5. Мимо
2019-10-27 10:02:47 INFO  RunningOrder:23 - Ход игрока 1
2019-10-27 10:02:52 INFO  MainScreen:145 - Выстрел в квадрат : 2Г723. Ранил
2019-10-27 10:02:52 INFO  RunningOrder:44 - Ход игрока 1
2019-10-27 10:02:55 INFO  MainScreen:162 - Выстрел в квадрат : Г8. Мимо
2019-10-27 10:02:55 INFO  RunningOrder:62 - Ход игрока 2 (Компьютер)
2019-10-27 10:02:56 INFO  MainScreen:162 - Выстрел в квадрат : Д6. Мимо
2019-10-27 10:02:56 INFO  RunningOrder:23 - Ход игрока 1
2019-10-27 10:03:00 INFO  MainScreen:145 - Выстрел в квадрат : 2Г521. Ранил
2019-10-27 10:03:00 INFO  PlayerMove:142 - Игрок 1 затопил трехпалубный корабль
2019-10-27 10:03:00 INFO  RunningOrder:44 - Ход игрока 1
2019-10-27 10:03:24 INFO  MainScreen:162 - Выстрел в квадрат : А6. Мимо
2019-10-27 10:03:24 INFO  RunningOrder:62 - Ход игрока 2 (Компьютер)
2019-10-27 10:03:26 INFO  MainScreen:162 - Выстрел в квадрат : А9. Мимо
2019-10-27 10:03:26 INFO  RunningOrder:23 - Ход игрока 1
2019-10-27 10:03:29 INFO  MainScreen:145 - Выстрел в квадрат : 2Б761. Ранил
2019-10-27 10:03:30 INFO  PlayerMove:170 - Игрок 1 затопил однопалубный корабль
2019-10-27 10:03:30 INFO  RunningOrder:44 - Ход игрока 1
2019-10-27 10:03:36 INFO  MainScreen:145 - Выстрел в квадрат : 2Е803. Ранил
2019-10-27 10:03:37 INFO  RunningOrder:44 - Ход игрока 1
2019-10-27 10:03:39 INFO  MainScreen:145 - Выстрел в квадрат : 2Е704. Ранил
2019-10-27 10:03:40 INFO  RunningOrder:44 - Ход игрока 1
2019-10-27 10:03:41 INFO  MainScreen:145 - Выстрел в квадрат : 2Е902. Ранил
2019-10-27 10:03:42 INFO  RunningOrder:44 - Ход игрока 1
2019-10-27 10:03:43 INFO  MainScreen:145 - Выстрел в квадрат : 2Е1001. Ранил
2019-10-27 10:03:44 INFO  PlayerMove:128 - Игрок 1 затопил четырехпалубный корабль
2019-10-27 10:03:44 INFO  RunningOrder:44 - Ход игрока 1
2019-10-27 10:04:26 INFO  MainScreen:162 - Выстрел в квадрат : А9. Мимо
2019-10-27 10:04:27 INFO  RunningOrder:62 - Ход игрока 2 (Компьютер)
2019-10-27 10:04:28 INFO  MainScreen:145 - Выстрел в квадрат : 1А191. Ранил
2019-10-27 10:04:28 INFO  Computer:67 - Компьютер попал в корабль номер - 9. Корабль затоплен!
2019-10-27 10:04:28 INFO  Computer:78 - Ход игрока 2 (Компьютер)
2019-10-27 10:04:30 INFO  MainScreen:162 - Выстрел в квадрат : А5. Мимо
2019-10-27 10:04:30 INFO  RunningOrder:23 - Ход игрока 1
2019-10-27 10:04:37 INFO  MainScreen:162 - Выстрел в квадрат : Б10. Мимо
2019-10-27 10:04:37 INFO  RunningOrder:62 - Ход игрока 2 (Компьютер)
2019-10-27 10:04:39 INFO  MainScreen:162 - Выстрел в квадрат : Д10. Мимо
2019-10-27 10:04:39 INFO  RunningOrder:23 - Ход игрока 1
2019-10-27 10:04:40 INFO  MainScreen:162 - Выстрел в квадрат : В9. Мимо
2019-10-27 10:04:41 INFO  RunningOrder:62 - Ход игрока 2 (Компьютер)
2019-10-27 10:04:42 INFO  MainScreen:162 - Выстрел в квадрат : В9. Мимо
2019-10-27 10:04:42 INFO  RunningOrder:23 - Ход игрока 1
2019-10-27 10:04:43 INFO  MainScreen:162 - Выстрел в квадрат : Г10. Мимо
2019-10-27 10:04:44 INFO  RunningOrder:62 - Ход игрока 2 (Компьютер)
2019-10-27 10:04:45 INFO  MainScreen:162 - Выстрел в квадрат : Г10. Мимо
2019-10-27 10:04:45 INFO  RunningOrder:23 - Ход игрока 1
2019-10-27 10:04:54 INFO  MainScreen:145 - Выстрел в квадрат : 2А1081. Ранил
2019-10-27 10:04:55 INFO  PlayerMove:184 - Игрок 1 затопил однопалубный корабль
2019-10-27 10:04:55 INFO  RunningOrder:44 - Ход игрока 1
2019-10-27 10:04:58 INFO  MainScreen:162 - Выстрел в квадрат : Г9. Мимо
2019-10-27 10:04:58 INFO  RunningOrder:62 - Ход игрока 2 (Компьютер)
2019-10-27 10:04:59 INFO  MainScreen:145 - Выстрел в квадрат : 1Д461. Ранил
2019-10-27 10:04:59 INFO  Computer:67 - Компьютер попал в корабль номер - 6. Корабль затоплен!
2019-10-27 10:04:59 INFO  Computer:78 - Ход игрока 2 (Компьютер)
2019-10-27 10:05:01 INFO  Winner:18 -  ------------- Победил игрок № 2 -------------
2019-10-27 10:05:01 INFO  RunningOrder:90 - -------------Конец боя-------------
